This is pdfTeX, Version 3.1415926-1.40.10 (TeX Live 2009) (format=pdflatex 2009.11.7)  4 MAR 2011 14:06
entering extended mode
 %&-line parsing enabled.
**bibentry.dtx
(./bibentry.dtx
LaTeX2e <2009/09/24>
Babel <v3.8l> and hyphenation patterns for english, usenglishmax, dumylang, noh
yphenation, german-x-2009-06-19, ngerman-x-2009-06-19, ancientgreek, ibycus, ar
abic, basque, bulgarian, catalan, pinyin, coptic, croatian, czech, danish, dutc
h, esperanto, estonian, farsi, finnish, french, galician, german, ngerman, mono
greek, greek, hungarian, icelandic, indonesian, interlingua, irish, italian, ku
rmanji, latin, latvian, lithuanian, mongolian, mongolian2a, bokmal, nynorsk, po
lish, portuguese, romanian, russian, sanskrit, serbian, slovak, slovenian, span
ish, swedish, turkish, ukenglish, ukrainian, uppersorbian, welsh, loaded.
File: BIBENTRY.DTX 2007/10/30 1.5 (PWD)

LaTeX Warning: File `bibentry.ins' already exists on the system.
               Not generating it from this source.

(/usr/local/texlive/2009/texmf-dist/tex/latex/base/ltxdoc.cls
Document Class: ltxdoc 2007/11/11 v2.0u Standard LaTeX documentation class
(/usr/local/texlive/2009/texmf-dist/tex/latex/base/article.cls
Document Class: article 2007/10/19 v1.4h Standard LaTeX document class
(/usr/local/texlive/2009/texmf-dist/tex/latex/base/size10.clo
File: size10.clo 2007/10/19 v1.4h Standard LaTeX file (size option)
)
\c@part=\count79
\c@section=\count80
\c@subsection=\count81
\c@subsubsection=\count82
\c@paragraph=\count83
\c@subparagraph=\count84
\c@figure=\count85
\c@table=\count86
\abovecaptionskip=\skip41
\belowcaptionskip=\skip42
\bibindent=\dimen102
)
(/usr/local/texlive/2009/texmf-dist/tex/latex/base/doc.sty
Package: doc 2006/02/02 v2.1d Standard LaTeX documentation package (FMi)
\c@StandardModuleDepth=\count87
\guard@level=\count88
\MacrocodeTopsep=\skip43
\MacroIndent=\dimen103
\macro@cnt=\count89
\MacroTopsep=\skip44
\index@excludelist=\toks14

(/usr/local/texlive/2009/texmf-dist/tex/latex/tools/multicol.sty
Package: multicol 2008/12/05 v1.6h multicolumn formatting (FMi)
\c@tracingmulticols=\count90
\mult@box=\box26
\multicol@leftmargin=\dimen104
\c@unbalance=\count91
\c@collectmore=\count92
\doublecol@number=\count93
\multicoltolerance=\count94
\multicolpretolerance=\count95
\full@width=\dimen105
\page@free=\dimen106
\premulticols=\dimen107
\postmulticols=\dimen108
\multicolsep=\skip45
\multicolbaselineskip=\skip46
\partial@page=\box27
\last@line=\box28
\mult@rightbox=\box29
\mult@grightbox=\box30
\mult@gfirstbox=\box31
\mult@firstbox=\box32
\@tempa=\box33
\@tempa=\box34
\@tempa=\box35
\@tempa=\box36
\@tempa=\box37
\@tempa=\box38
\@tempa=\box39
\@tempa=\box40
\@tempa=\box41
\@tempa=\box42
\@tempa=\box43
\@tempa=\box44
\@tempa=\box45
\@tempa=\box46
\@tempa=\box47
\@tempa=\box48
\@tempa=\box49
\c@columnbadness=\count96
\c@finalcolumnbadness=\count97
\last@try=\dimen109
\multicolovershoot=\dimen110
\multicolundershoot=\dimen111
\mult@nat@firstbox=\box50
\colbreak@box=\box51
)
\IndexMin=\dimen112
\c@IndexColumns=\count98
\GlossaryMin=\dimen113
\c@GlossaryColumns=\count99
\check@sum=\count100
\bslash@cnt=\count101
\wrong@table=\toks15
\c@CodelineNo=\count102
))
(./bibentry.aux)
\openout1 = `bibentry.aux'.

LaTeX Font Info:    Checking defaults for OML/cmm/m/it on input line 184.
LaTeX Font Info:    ... okay on input line 184.
LaTeX Font Info:    Checking defaults for T1/cmr/m/n on input line 184.
LaTeX Font Info:    ... okay on input line 184.
LaTeX Font Info:    Checking defaults for OT1/cmr/m/n on input line 184.
LaTeX Font Info:    ... okay on input line 184.
LaTeX Font Info:    Checking defaults for OMS/cmsy/m/n on input line 184.
LaTeX Font Info:    ... okay on input line 184.
LaTeX Font Info:    Checking defaults for OMX/cmex/m/n on input line 184.
LaTeX Font Info:    ... okay on input line 184.
LaTeX Font Info:    Checking defaults for U/cmr/m/n on input line 184.
LaTeX Font Info:    ... okay on input line 184.
Package doc Info: Made | a short reference for \verb on input line 184.
 (./bibentry.dtx
File: bibentry 2007/10/30 1.5 (PWD)

***************************
* Character table correct *
***************************
LaTeX Font Info:    External font `cmex10' loaded for size
(Font)              <17.28> on input line 218.
LaTeX Font Info:    External font `cmex10' loaded for size
(Font)              <12> on input line 218.
LaTeX Font Info:    External font `cmex10' loaded for size
(Font)              <8> on input line 218.
LaTeX Font Info:    External font `cmex10' loaded for size
(Font)              <6> on input line 218.
LaTeX Font Info:    External font `cmex10' loaded for size
(Font)              <7> on input line 264.
LaTeX Font Info:    External font `cmex10' loaded for size
(Font)              <5> on input line 264.

Overfull \hbox (5.97427pt too wide) in paragraph at lines 273--275
\OT1/cmr/m/n/10 This pack-age must be used with \OT1/cmr/m/sc/10 Bib\OT1/cmr/m/
n/10 T[]X, not with a hand-written \OT1/cmtt/m/n/10 thebibliography
 []

[1

{/usr/local/texlive/2009/texmf-var/fonts/map/pdftex/updmap/pdftex.map}]
Overfull \hbox (23.59248pt too wide) in paragraph at lines 279--285
[]\OT1/cmr/m/n/10 The bib-li-og-ra-phy en-tries are stored with the com-mand []
\OT1/cmtt/m/n/10 \nobibliography{$\OMS/cmsy/m/n/10 h$[]\OT1/cmr/m/it/10 bibfile
s$\OMS/cmsy/m/n/10 i$[]\OT1/cmtt/m/n/10 }\OT1/cmr/m/n/10 ,
 []


Overfull \hbox (10.87029pt too wide) in paragraph at lines 300--307
[]\OT1/cmr/m/n/10 If a reg-u-lar list of ref-er-ences is to be given too, with 
the []\OT1/cmtt/m/n/10 \bibliography{$\OMS/cmsy/m/n/10 h$[]\OT1/cmr/m/it/10 bib
files$\OMS/cmsy/m/n/10 i$[]\OT1/cmtt/m/n/10 }
 []

[2]
No file bibentry.ind.
No file bibentry.gls.
) [3] (./bibentry.aux) ) 
Here is how much of TeX's memory you used:
 592 strings out of 493848
 7260 string characters out of 3149207
 61779 words of memory out of 3000000
 3918 multiletter control sequences out of 15000+200000
 10928 words of font info for 39 fonts, out of 3000000 for 9000
 714 hyphenation exceptions out of 8191
 30i,6n,21p,224b,212s stack positions out of 5000i,500n,10000p,200000b,50000s
</usr/local/texlive/2009/texmf-dist/fonts/type1/public/
amsfonts/cm/cmbx10.pfb></usr/local/texlive/2009/texmf-dist/fonts/type1/public/a
msfonts/cm/cmbx12.pfb></usr/local/texlive/2009/texmf-dist/fonts/type1/public/am
sfonts/cm/cmbx9.pfb></usr/local/texlive/2009/texmf-dist/fonts/type1/public/amsf
onts/cm/cmcsc10.pfb></usr/local/texlive/2009/texmf-dist/fonts/type1/public/amsf
onts/cm/cmmi10.pfb></usr/local/texlive/2009/texmf-dist/fonts/type1/public/amsfo
nts/cm/cmr10.pfb></usr/local/texlive/2009/texmf-dist/fonts/type1/public/amsfont
s/cm/cmr12.pfb></usr/local/texlive/2009/texmf-dist/fonts/type1/public/amsfonts/
cm/cmr7.pfb></usr/local/texlive/2009/texmf-dist/fonts/type1/public/amsfonts/cm/
cmr9.pfb></usr/local/texlive/2009/texmf-dist/fonts/type1/public/amsfonts/cm/cms
l10.pfb></usr/local/texlive/2009/texmf-dist/fonts/type1/public/amsfonts/cm/cmsy
10.pfb></usr/local/texlive/2009/texmf-dist/fonts/type1/public/amsfonts/cm/cmti1
0.pfb></usr/local/texlive/2009/texmf-dist/fonts/type1/public/amsfonts/cm/cmtt10
.pfb></usr/local/texlive/2009/texmf-dist/fonts/type1/public/amsfonts/cm/cmtt12.
pfb></usr/local/texlive/2009/texmf-dist/fonts/type1/public/amsfonts/cm/cmtt9.pf
b>
Output written on bibentry.pdf (3 pages, 176745 bytes).
PDF statistics:
 72 PDF objects out of 1000 (max. 8388607)
 0 named destinations out of 1000 (max. 500000)
 1 words of extra memory for PDF output out of 10000 (max. 10000000)

