This is pdfTeX, Version 3.1415926-1.40.10 (TeX Live 2009) (format=pdflatex 2009.11.7)  4 MAR 2011 14:06
entering extended mode
 %&-line parsing enabled.
**natnotes.tex
(./natnotes.tex
LaTeX2e <2009/09/24>
Babel <v3.8l> and hyphenation patterns for english, usenglishmax, dumylang, noh
yphenation, german-x-2009-06-19, ngerman-x-2009-06-19, ancientgreek, ibycus, ar
abic, basque, bulgarian, catalan, pinyin, coptic, croatian, czech, danish, dutc
h, esperanto, estonian, farsi, finnish, french, galician, german, ngerman, mono
greek, greek, hungarian, icelandic, indonesian, interlingua, irish, italian, ku
rmanji, latin, latvian, lithuanian, mongolian, mongolian2a, bokmal, nynorsk, po
lish, portuguese, romanian, russian, sanskrit, serbian, slovak, slovenian, span
ish, swedish, turkish, ukenglish, ukrainian, uppersorbian, welsh, loaded.
(/usr/local/texlive/2009/texmf-dist/tex/latex/base/article.cls
Document Class: article 2007/10/19 v1.4h Standard LaTeX document class
(/usr/local/texlive/2009/texmf-dist/tex/latex/base/size10.clo
File: size10.clo 2007/10/19 v1.4h Standard LaTeX file (size option)
)
\c@part=\count79
\c@section=\count80
\c@subsection=\count81
\c@subsubsection=\count82
\c@paragraph=\count83
\c@subparagraph=\count84
\c@figure=\count85
\c@table=\count86
\abovecaptionskip=\skip41
\belowcaptionskip=\skip42
\bibindent=\dimen102
)
(/usr/local/texlive/2009/texmf-dist/tex/latex/base/shortvrb.sty
Package: shortvrb 2006/02/02 v2.1d Standard LaTeX documentation package (FMi)
)
Package shortvrb Info: Made | a short reference for \verb on input line 60.

(./natnotes.aux)
\openout1 = `natnotes.aux'.

LaTeX Font Info:    Checking defaults for OML/cmm/m/it on input line 62.
LaTeX Font Info:    ... okay on input line 62.
LaTeX Font Info:    Checking defaults for T1/cmr/m/n on input line 62.
LaTeX Font Info:    ... okay on input line 62.
LaTeX Font Info:    Checking defaults for OT1/cmr/m/n on input line 62.
LaTeX Font Info:    ... okay on input line 62.
LaTeX Font Info:    Checking defaults for OMS/cmsy/m/n on input line 62.
LaTeX Font Info:    ... okay on input line 62.
LaTeX Font Info:    Checking defaults for OMX/cmex/m/n on input line 62.
LaTeX Font Info:    ... okay on input line 62.
LaTeX Font Info:    Checking defaults for U/cmr/m/n on input line 62.
LaTeX Font Info:    ... okay on input line 62.
LaTeX Font Info:    Font shape `OT1/cmtt/bx/n' in size <14.4> not available
(Font)              Font shape `OT1/cmtt/m/n' tried instead on input line 68.
LaTeX Font Info:    External font `cmex10' loaded for size
(Font)              <7> on input line 73.
LaTeX Font Info:    External font `cmex10' loaded for size
(Font)              <5> on input line 73.
 [1

{/usr/local/texlive/2009/texmf-var/fonts/map/pdftex/updmap/pdftex.map}] [2]
LaTeX Font Info:    Try loading font information for OMS+cmr on input line 210.

 (/usr/local/texlive/2009/texmf-dist/tex/latex/base/omscmr.fd
File: omscmr.fd 1999/05/25 v2.5h Standard LaTeX font definitions
)
LaTeX Font Info:    Font shape `OMS/cmr/m/n' in size <10> not available
(Font)              Font shape `OMS/cmsy/m/n' tried instead on input line 210.

[3]
Overfull \hbox (5.74469pt too wide) in paragraph at lines 267--272
\OT1/cmr/m/n/10 If one wishes to have the ci-ta-tions en-tered in the \OT1/cmtt
/m/n/10 .idx \OT1/cmr/m/n/10 in-dex-ing file, it is only nec-es-sary to is-sue 
[]\OT1/cmtt/m/n/10 \citeindextrue
 []

LaTeX Font Info:    Font shape `OT1/cmtt/bx/n' in size <10> not available
(Font)              Font shape `OT1/cmtt/m/n' tried instead on input line 273.
[4] [5] [6] (./natnotes.aux) ) 
Here is how much of TeX's memory you used:
 263 strings out of 493848
 3069 string characters out of 3149207
 54936 words of memory out of 3000000
 3609 multiletter control sequences out of 15000+200000
 6110 words of font info for 23 fonts, out of 3000000 for 9000
 714 hyphenation exceptions out of 8191
 23i,7n,19p,156b,225s stack positions out of 5000i,500n,10000p,200000b,50000s
</usr/local/texlive/2009/texmf-dist/fonts/type1/p
ublic/amsfonts/cm/cmbx10.pfb></usr/local/texlive/2009/texmf-dist/fonts/type1/pu
blic/amsfonts/cm/cmbx12.pfb></usr/local/texlive/2009/texmf-dist/fonts/type1/pub
lic/amsfonts/cm/cmr10.pfb></usr/local/texlive/2009/texmf-dist/fonts/type1/publi
c/amsfonts/cm/cmr12.pfb></usr/local/texlive/2009/texmf-dist/fonts/type1/public/
amsfonts/cm/cmr7.pfb></usr/local/texlive/2009/texmf-dist/fonts/type1/public/ams
fonts/cm/cmsl10.pfb></usr/local/texlive/2009/texmf-dist/fonts/type1/public/amsf
onts/cm/cmsl8.pfb></usr/local/texlive/2009/texmf-dist/fonts/type1/public/amsfon
ts/cm/cmsltt10.pfb></usr/local/texlive/2009/texmf-dist/fonts/type1/public/amsfo
nts/cm/cmsy10.pfb></usr/local/texlive/2009/texmf-dist/fonts/type1/public/amsfon
ts/cm/cmti10.pfb></usr/local/texlive/2009/texmf-dist/fonts/type1/public/amsfont
s/cm/cmtt10.pfb></usr/local/texlive/2009/texmf-dist/fonts/type1/public/amsfonts
/cm/cmtt12.pfb>
Output written on natnotes.pdf (6 pages, 156568 bytes).
PDF statistics:
 69 PDF objects out of 1000 (max. 8388607)
 0 named destinations out of 1000 (max. 500000)
 1 words of extra memory for PDF output out of 10000 (max. 10000000)

